{
  "stats": {
    "suites": 1,
    "tests": 4,
    "passes": 4,
    "pending": 0,
    "failures": 0,
    "start": "2025-08-31T15:43:23.194Z",
    "end": "2025-08-31T15:43:29.135Z",
    "duration": 5941,
    "testsRegistered": 4,
    "passPercent": 100,
    "pendingPercent": 0,
    "other": 0,
    "hasOther": false,
    "skipped": 0,
    "hasSkipped": false
  },
  "results": [
    {
      "uuid": "94b4a31a-f2d3-4b62-8a3b-3a344f01989a",
      "title": "",
      "fullFile": "cypress\\e2e\\first-test.spec.ts",
      "file": "cypress\\e2e\\first-test.spec.ts",
      "beforeHooks": [],
      "afterHooks": [],
      "tests": [],
      "suites": [
        {
          "uuid": "7836fd6a-1d4e-4d23-bd0e-20d1f2231187",
          "title": "Страница авторизации",
          "fullFile": "",
          "file": "",
          "beforeHooks": [],
          "afterHooks": [],
          "tests": [
            {
              "title": "Открытие страницы авторизации",
              "fullTitle": "Страница авторизации Открытие страницы авторизации",
              "timedOut": null,
              "duration": 2655,
              "state": "passed",
              "speed": "fast",
              "pass": true,
              "fail": false,
              "pending": false,
              "context": null,
              "code": "cy.visit('/login');\ncy.contains('Welcome to Grafana').should('be.visible');",
              "err": {},
              "uuid": "769b29d7-03bb-4409-9af9-fdd47b2791d5",
              "parentUUID": "7836fd6a-1d4e-4d23-bd0e-20d1f2231187",
              "isHook": false,
              "skipped": false
            },
            {
              "title": "Проверка на введенный в строку текст",
              "fullTitle": "Страница авторизации Проверка на введенный в строку текст",
              "timedOut": null,
              "duration": 1416,
              "state": "passed",
              "speed": "fast",
              "pass": true,
              "fail": false,
              "pending": false,
              "context": null,
              "code": "cy.visit('/login');\ncy.contains('Welcome to Grafana').should('be.visible');\ncy.get('input[name=\"user\"]').type('your_username@example.com').should('have.value', 'your_username@example.com');\ncy.get('input[name=\"password\"]').type('your_password');\ncy.get('button[aria-label=\"Show password\"]').click();\ncy.get('input[name=\"password\"]').should('have.value', 'your_password');",
              "err": {},
              "uuid": "e39d0ee3-dcc8-46a7-813d-556457687b57",
              "parentUUID": "7836fd6a-1d4e-4d23-bd0e-20d1f2231187",
              "isHook": false,
              "skipped": false
            },
            {
              "title": "Вход с невалидным логином и паролем",
              "fullTitle": "Страница авторизации Вход с невалидным логином и паролем",
              "timedOut": null,
              "duration": 1175,
              "state": "passed",
              "speed": "fast",
              "pass": true,
              "fail": false,
              "pending": false,
              "context": null,
              "code": "cy.visit('/login');\ncy.contains('Welcome to Grafana').should('be.visible');\ncy.get('input[name=\"user\"]').type('your_username@example.com');\ncy.get('input[name=\"password\"]').type('your_password');\ncy.get('[data-testid=\"data-testid Login button\"]').click();\ncy.contains('Invalid username or password');",
              "err": {},
              "uuid": "22cf01c5-ce43-46b9-892c-c628410fde3b",
              "parentUUID": "7836fd6a-1d4e-4d23-bd0e-20d1f2231187",
              "isHook": false,
              "skipped": false
            },
            {
              "title": "Незаполнены обязательные поля",
              "fullTitle": "Страница авторизации Незаполнены обязательные поля",
              "timedOut": null,
              "duration": 531,
              "state": "passed",
              "speed": "fast",
              "pass": true,
              "fail": false,
              "pending": false,
              "context": null,
              "code": "cy.visit('/login');\ncy.contains('Welcome to Grafana').should('be.visible');\ncy.get('[data-testid=\"data-testid Login button\"]').click();\ncy.contains('Password is required');\ncy.contains('Email or username is required');",
              "err": {},
              "uuid": "fe6a8c92-5841-4778-8768-6502314ef6f4",
              "parentUUID": "7836fd6a-1d4e-4d23-bd0e-20d1f2231187",
              "isHook": false,
              "skipped": false
            }
          ],
          "suites": [],
          "passes": [
            "769b29d7-03bb-4409-9af9-fdd47b2791d5",
            "e39d0ee3-dcc8-46a7-813d-556457687b57",
            "22cf01c5-ce43-46b9-892c-c628410fde3b",
            "fe6a8c92-5841-4778-8768-6502314ef6f4"
          ],
          "failures": [],
          "pending": [],
          "skipped": [],
          "duration": 5777,
          "root": false,
          "rootEmpty": false,
          "_timeout": 2000
        }
      ],
      "passes": [],
      "failures": [],
      "pending": [],
      "skipped": [],
      "duration": 0,
      "root": true,
      "rootEmpty": true,
      "_timeout": 2000
    }
  ],
  "meta": {
    "mocha": {
      "version": "7.2.0"
    },
    "mochawesome": {
      "options": {
        "quiet": false,
        "reportFilename": "mochawesome",
        "saveHtml": true,
        "saveJson": true,
        "consoleReporter": "spec",
        "useInlineDiffs": false,
        "code": true
      },
      "version": "7.1.3"
    },
    "marge": {
      "options": {
        "reportDir": "cypress/reports",
        "overwrite": false,
        "html": true,
        "json": true
      },
      "version": "6.2.0"
    }
  }
}